<?xml version="1.0" encoding="UTF-8"?>
<testng-results skipped="0" failed="3" ignored="0" total="11" passed="8">
  <reporter-output>
  </reporter-output>
  <suite name="LinkedIn Test automation suite" duration-ms="161193" started-at="2019-09-22T20:02:56Z" finished-at="2019-09-22T20:05:37Z">
    <groups>
    </groups>
    <test name="Different LinkedIn feature test" duration-ms="161193" started-at="2019-09-22T20:02:56Z" finished-at="2019-09-22T20:05:37Z">
      <class name="com.linkedin.qa.testcases.LoginPageTest">
        <test-method status="PASS" signature="setUp()[pri:0, instance:com.linkedin.qa.testcases.LoginPageTest@234bef66]" name="setUp" is-config="true" duration-ms="3329" started-at="2019-09-22T20:02:56Z" finished-at="2019-09-22T20:02:59Z">
          <reporter-output>
          </reporter-output>
        </test-method> <!-- setUp -->
        <test-method status="PASS" signature="LoginPageTitleTest()[pri:1, instance:com.linkedin.qa.testcases.LoginPageTest@234bef66]" name="LoginPageTitleTest" duration-ms="690" started-at="2019-09-22T20:02:59Z" finished-at="2019-09-22T20:03:00Z">
          <reporter-output>
          </reporter-output>
        </test-method> <!-- LoginPageTitleTest -->
        <test-method status="PASS" signature="tearDown()[pri:0, instance:com.linkedin.qa.testcases.LoginPageTest@234bef66]" name="tearDown" is-config="true" duration-ms="157" started-at="2019-09-22T20:03:00Z" finished-at="2019-09-22T20:03:00Z">
          <reporter-output>
          </reporter-output>
        </test-method> <!-- tearDown -->
        <test-method status="PASS" signature="setUp()[pri:0, instance:com.linkedin.qa.testcases.LoginPageTest@234bef66]" name="setUp" is-config="true" duration-ms="4219" started-at="2019-09-22T20:03:22Z" finished-at="2019-09-22T20:03:26Z">
          <reporter-output>
          </reporter-output>
        </test-method> <!-- setUp -->
        <test-method status="PASS" signature="loginPageLogoTest()[pri:2, instance:com.linkedin.qa.testcases.LoginPageTest@234bef66]" name="loginPageLogoTest" duration-ms="53" started-at="2019-09-22T20:03:26Z" finished-at="2019-09-22T20:03:26Z">
          <reporter-output>
          </reporter-output>
        </test-method> <!-- loginPageLogoTest -->
        <test-method status="PASS" signature="tearDown()[pri:0, instance:com.linkedin.qa.testcases.LoginPageTest@234bef66]" name="tearDown" is-config="true" duration-ms="103" started-at="2019-09-22T20:03:26Z" finished-at="2019-09-22T20:03:26Z">
          <reporter-output>
          </reporter-output>
        </test-method> <!-- tearDown -->
        <test-method status="PASS" signature="setUp()[pri:0, instance:com.linkedin.qa.testcases.LoginPageTest@234bef66]" name="setUp" is-config="true" duration-ms="2450" started-at="2019-09-22T20:04:02Z" finished-at="2019-09-22T20:04:04Z">
          <reporter-output>
          </reporter-output>
        </test-method> <!-- setUp -->
        <test-method status="PASS" signature="LoginTest()[pri:3, instance:com.linkedin.qa.testcases.LoginPageTest@234bef66]" name="LoginTest" duration-ms="11639" started-at="2019-09-22T20:04:04Z" finished-at="2019-09-22T20:04:16Z">
          <reporter-output>
          </reporter-output>
        </test-method> <!-- LoginTest -->
        <test-method status="PASS" signature="tearDown()[pri:0, instance:com.linkedin.qa.testcases.LoginPageTest@234bef66]" name="tearDown" is-config="true" duration-ms="137" started-at="2019-09-22T20:04:16Z" finished-at="2019-09-22T20:04:16Z">
          <reporter-output>
          </reporter-output>
        </test-method> <!-- tearDown -->
      </class> <!-- com.linkedin.qa.testcases.LoginPageTest -->
      <class name="com.linkedin.qa.testcases.HomePageTest">
        <test-method status="PASS" signature="setUp()[pri:0, instance:com.linkedin.qa.testcases.HomePageTest@737996a0]" name="setUp" is-config="true" duration-ms="9586" started-at="2019-09-22T20:03:00Z" finished-at="2019-09-22T20:03:09Z">
          <reporter-output>
          </reporter-output>
        </test-method> <!-- setUp -->
        <test-method status="PASS" signature="verifyHomePageTitleTest()[pri:1, instance:com.linkedin.qa.testcases.HomePageTest@737996a0]" name="verifyHomePageTitleTest" duration-ms="53" started-at="2019-09-22T20:03:09Z" finished-at="2019-09-22T20:03:09Z">
          <reporter-output>
          </reporter-output>
        </test-method> <!-- verifyHomePageTitleTest -->
        <test-method status="PASS" signature="tearDown()[pri:0, instance:com.linkedin.qa.testcases.HomePageTest@737996a0]" name="tearDown" is-config="true" duration-ms="192" started-at="2019-09-22T20:03:09Z" finished-at="2019-09-22T20:03:10Z">
          <reporter-output>
          </reporter-output>
        </test-method> <!-- tearDown -->
        <test-method status="PASS" signature="setUp()[pri:0, instance:com.linkedin.qa.testcases.HomePageTest@737996a0]" name="setUp" is-config="true" duration-ms="14006" started-at="2019-09-22T20:03:26Z" finished-at="2019-09-22T20:03:40Z">
          <reporter-output>
          </reporter-output>
        </test-method> <!-- setUp -->
        <test-method status="FAIL" signature="verifyCorrectUserImgTest()[pri:2, instance:com.linkedin.qa.testcases.HomePageTest@737996a0]" name="verifyCorrectUserImgTest" duration-ms="10064" started-at="2019-09-22T20:03:40Z" finished-at="2019-09-22T20:03:51Z">
          <exception class="org.openqa.selenium.NoSuchElementException">
            <message>
              <![CDATA[no such element: Unable to locate element: {"method":"xpath","selector":"//img[@id='ember28']"}
  (Session info: chrome=76.0.3809.132)
For documentation on this error, please visit: https://www.seleniumhq.org/exceptions/no_such_element.html
Build info: version: '4.0.0-alpha-2', revision: 'f148142cf8', time: '2019-07-01T20:55:26'
System info: host: 'Tonimas-MacBook-Air.local', ip: 'fe80:0:0:0:14d4:fb7e:1c5a:a694%en0', os.name: 'Mac OS X', os.arch: 'x86_64', os.version: '10.14.6', java.version: '1.8.0_131'
Driver info: org.openqa.selenium.chrome.ChromeDriver
Capabilities {acceptInsecureCerts: false, browserName: chrome, browserVersion: 76.0.3809.132, chrome: {chromedriverVersion: 76.0.3809.68 (420c9498db8ce..., userDataDir: /var/folders/kq/djv8wj7n0cz...}, goog:chromeOptions: {debuggerAddress: localhost:52514}, javascriptEnabled: true, networkConnectionEnabled: false, pageLoadStrategy: normal, platform: MAC, platformName: MAC, proxy: Proxy(), setWindowRect: true, strictFileInteractability: false, timeouts: {implicit: 0, pageLoad: 300000, script: 30000}, unhandledPromptBehavior: dismiss and notify}
Session ID: fc8419e4486da443fa1e443d8cf68c74
*** Element info: {Using=xpath, value=//img[@id='ember28']}]]>
            </message>
            <full-stacktrace>
              <![CDATA[org.openqa.selenium.NoSuchElementException: no such element: Unable to locate element: {"method":"xpath","selector":"//img[@id='ember28']"}
  (Session info: chrome=76.0.3809.132)
For documentation on this error, please visit: https://www.seleniumhq.org/exceptions/no_such_element.html
Build info: version: '4.0.0-alpha-2', revision: 'f148142cf8', time: '2019-07-01T20:55:26'
System info: host: 'Tonimas-MacBook-Air.local', ip: 'fe80:0:0:0:14d4:fb7e:1c5a:a694%en0', os.name: 'Mac OS X', os.arch: 'x86_64', os.version: '10.14.6', java.version: '1.8.0_131'
Driver info: org.openqa.selenium.chrome.ChromeDriver
Capabilities {acceptInsecureCerts: false, browserName: chrome, browserVersion: 76.0.3809.132, chrome: {chromedriverVersion: 76.0.3809.68 (420c9498db8ce..., userDataDir: /var/folders/kq/djv8wj7n0cz...}, goog:chromeOptions: {debuggerAddress: localhost:52514}, javascriptEnabled: true, networkConnectionEnabled: false, pageLoadStrategy: normal, platform: MAC, platformName: MAC, proxy: Proxy(), setWindowRect: true, strictFileInteractability: false, timeouts: {implicit: 0, pageLoad: 300000, script: 30000}, unhandledPromptBehavior: dismiss and notify}
Session ID: fc8419e4486da443fa1e443d8cf68c74
*** Element info: {Using=xpath, value=//img[@id='ember28']}
at sun.reflect.NativeConstructorAccessorImpl.newInstance0(Native Method)
at sun.reflect.NativeConstructorAccessorImpl.newInstance(NativeConstructorAccessorImpl.java:62)
at sun.reflect.DelegatingConstructorAccessorImpl.newInstance(DelegatingConstructorAccessorImpl.java:45)
at java.lang.reflect.Constructor.newInstance(Constructor.java:423)
at org.openqa.selenium.remote.codec.w3c.W3CHttpResponseCodec.createException(W3CHttpResponseCodec.java:191)
at org.openqa.selenium.remote.codec.w3c.W3CHttpResponseCodec.decode(W3CHttpResponseCodec.java:125)
at org.openqa.selenium.remote.codec.w3c.W3CHttpResponseCodec.decode(W3CHttpResponseCodec.java:52)
at org.openqa.selenium.remote.HttpCommandExecutor.execute(HttpCommandExecutor.java:161)
at org.openqa.selenium.remote.service.DriverCommandExecutor.execute(DriverCommandExecutor.java:83)
at org.openqa.selenium.remote.RemoteWebDriver.execute(RemoteWebDriver.java:576)
at org.openqa.selenium.remote.RemoteWebDriver.findElement(RemoteWebDriver.java:327)
at org.openqa.selenium.remote.RemoteWebDriver.findElementByXPath(RemoteWebDriver.java:445)
at org.openqa.selenium.By$ByXPath.findElement(By.java:353)
at org.openqa.selenium.remote.RemoteWebDriver.findElement(RemoteWebDriver.java:319)
at org.openqa.selenium.support.pagefactory.DefaultElementLocator.findElement(DefaultElementLocator.java:70)
at org.openqa.selenium.support.pagefactory.internal.LocatingElementHandler.invoke(LocatingElementHandler.java:39)
at com.sun.proxy.$Proxy7.isDisplayed(Unknown Source)
at com.linkedin.qa.pages.HomePage.verifyCorrectUserImg(HomePage.java:36)
at com.linkedin.qa.testcases.HomePageTest.verifyCorrectUserImgTest(HomePageTest.java:40)
at sun.reflect.NativeMethodAccessorImpl.invoke0(Native Method)
at sun.reflect.NativeMethodAccessorImpl.invoke(NativeMethodAccessorImpl.java:62)
at sun.reflect.DelegatingMethodAccessorImpl.invoke(DelegatingMethodAccessorImpl.java:43)
at java.lang.reflect.Method.invoke(Method.java:498)
at org.testng.internal.MethodInvocationHelper.invokeMethod(MethodInvocationHelper.java:124)
at org.testng.internal.Invoker.invokeMethod(Invoker.java:583)
at org.testng.internal.Invoker.invokeTestMethod(Invoker.java:719)
at org.testng.internal.Invoker.invokeTestMethods(Invoker.java:989)
at org.testng.internal.TestMethodWorker.invokeTestMethods(TestMethodWorker.java:125)
at org.testng.internal.TestMethodWorker.run(TestMethodWorker.java:109)
at org.testng.TestRunner.privateRun(TestRunner.java:648)
at org.testng.TestRunner.run(TestRunner.java:505)
at org.testng.SuiteRunner.runTest(SuiteRunner.java:455)
at org.testng.SuiteRunner.runSequentially(SuiteRunner.java:450)
at org.testng.SuiteRunner.privateRun(SuiteRunner.java:415)
at org.testng.SuiteRunner.run(SuiteRunner.java:364)
at org.testng.SuiteRunnerWorker.runSuite(SuiteRunnerWorker.java:52)
at org.testng.SuiteRunnerWorker.run(SuiteRunnerWorker.java:84)
at org.testng.TestNG.runSuitesSequentially(TestNG.java:1208)
at org.testng.TestNG.runSuitesLocally(TestNG.java:1137)
at org.testng.TestNG.runSuites(TestNG.java:1049)
at org.testng.TestNG.run(TestNG.java:1017)
at org.apache.maven.surefire.testng.TestNGExecutor.run(TestNGExecutor.java:283)
at org.apache.maven.surefire.testng.TestNGXmlTestSuite.execute(TestNGXmlTestSuite.java:75)
at org.apache.maven.surefire.testng.TestNGProvider.invoke(TestNGProvider.java:120)
at org.apache.maven.surefire.booter.ForkedBooter.invokeProviderInSameClassLoader(ForkedBooter.java:384)
at org.apache.maven.surefire.booter.ForkedBooter.runSuitesInProcess(ForkedBooter.java:345)
at org.apache.maven.surefire.booter.ForkedBooter.execute(ForkedBooter.java:126)
at org.apache.maven.surefire.booter.ForkedBooter.main(ForkedBooter.java:418)
]]>
            </full-stacktrace>
          </exception> <!-- org.openqa.selenium.NoSuchElementException -->
          <reporter-output>
          </reporter-output>
        </test-method> <!-- verifyCorrectUserImgTest -->
        <test-method status="PASS" signature="tearDown()[pri:0, instance:com.linkedin.qa.testcases.HomePageTest@737996a0]" name="tearDown" is-config="true" duration-ms="144" started-at="2019-09-22T20:03:51Z" finished-at="2019-09-22T20:03:51Z">
          <reporter-output>
          </reporter-output>
        </test-method> <!-- tearDown -->
        <test-method status="PASS" signature="setUp()[pri:0, instance:com.linkedin.qa.testcases.HomePageTest@737996a0]" name="setUp" is-config="true" duration-ms="8792" started-at="2019-09-22T20:04:16Z" finished-at="2019-09-22T20:04:25Z">
          <reporter-output>
          </reporter-output>
        </test-method> <!-- setUp -->
        <test-method status="PASS" signature="clickOnMessagingLinkTest()[pri:3, instance:com.linkedin.qa.testcases.HomePageTest@737996a0]" name="clickOnMessagingLinkTest" duration-ms="5337" started-at="2019-09-22T20:04:25Z" finished-at="2019-09-22T20:04:30Z">
          <reporter-output>
          </reporter-output>
        </test-method> <!-- clickOnMessagingLinkTest -->
        <test-method status="PASS" signature="tearDown()[pri:0, instance:com.linkedin.qa.testcases.HomePageTest@737996a0]" name="tearDown" is-config="true" duration-ms="128" started-at="2019-09-22T20:04:30Z" finished-at="2019-09-22T20:04:30Z">
          <reporter-output>
          </reporter-output>
        </test-method> <!-- tearDown -->
      </class> <!-- com.linkedin.qa.testcases.HomePageTest -->
      <class name="com.linkedin.qa.testcases.MessagePageTest">
        <test-method status="PASS" signature="setUp()[pri:0, instance:com.linkedin.qa.testcases.MessagePageTest@61dc03ce]" name="setUp" is-config="true" duration-ms="10801" started-at="2019-09-22T20:03:10Z" finished-at="2019-09-22T20:03:20Z">
          <reporter-output>
          </reporter-output>
        </test-method> <!-- setUp -->
        <test-method status="PASS" signature="verifyMessageTest()[pri:1, instance:com.linkedin.qa.testcases.MessagePageTest@61dc03ce]" name="verifyMessageTest" duration-ms="1556" started-at="2019-09-22T20:03:20Z" finished-at="2019-09-22T20:03:22Z">
          <reporter-output>
          </reporter-output>
        </test-method> <!-- verifyMessageTest -->
        <test-method status="PASS" signature="tearDown()[pri:0, instance:com.linkedin.qa.testcases.MessagePageTest@61dc03ce]" name="tearDown" is-config="true" duration-ms="165" started-at="2019-09-22T20:03:22Z" finished-at="2019-09-22T20:03:22Z">
          <reporter-output>
          </reporter-output>
        </test-method> <!-- tearDown -->
        <test-method status="PASS" signature="setUp()[pri:0, instance:com.linkedin.qa.testcases.MessagePageTest@61dc03ce]" name="setUp" is-config="true" duration-ms="10008" started-at="2019-09-22T20:03:51Z" finished-at="2019-09-22T20:04:01Z">
          <reporter-output>
          </reporter-output>
        </test-method> <!-- setUp -->
        <test-method status="FAIL" signature="clickOnComposeButtonTest()[pri:2, instance:com.linkedin.qa.testcases.MessagePageTest@61dc03ce]" name="clickOnComposeButtonTest" duration-ms="1110" started-at="2019-09-22T20:04:01Z" finished-at="2019-09-22T20:04:02Z">
          <exception class="org.openqa.selenium.StaleElementReferenceException">
            <message>
              <![CDATA[stale element reference: element is not attached to the page document
  (Session info: chrome=76.0.3809.132)
For documentation on this error, please visit: https://www.seleniumhq.org/exceptions/stale_element_reference.html
Build info: version: '4.0.0-alpha-2', revision: 'f148142cf8', time: '2019-07-01T20:55:26'
System info: host: 'Tonimas-MacBook-Air.local', ip: 'fe80:0:0:0:14d4:fb7e:1c5a:a694%en0', os.name: 'Mac OS X', os.arch: 'x86_64', os.version: '10.14.6', java.version: '1.8.0_131'
Driver info: org.openqa.selenium.chrome.ChromeDriver
Capabilities {acceptInsecureCerts: false, browserName: chrome, browserVersion: 76.0.3809.132, chrome: {chromedriverVersion: 76.0.3809.68 (420c9498db8ce..., userDataDir: /var/folders/kq/djv8wj7n0cz...}, goog:chromeOptions: {debuggerAddress: localhost:52583}, javascriptEnabled: true, networkConnectionEnabled: false, pageLoadStrategy: normal, platform: MAC, platformName: MAC, proxy: Proxy(), setWindowRect: true, strictFileInteractability: false, timeouts: {implicit: 0, pageLoad: 300000, script: 30000}, unhandledPromptBehavior: dismiss and notify}
Session ID: a750d7d1e63a37f45af40ba0ddbbdd23]]>
            </message>
            <full-stacktrace>
              <![CDATA[org.openqa.selenium.StaleElementReferenceException: stale element reference: element is not attached to the page document
  (Session info: chrome=76.0.3809.132)
For documentation on this error, please visit: https://www.seleniumhq.org/exceptions/stale_element_reference.html
Build info: version: '4.0.0-alpha-2', revision: 'f148142cf8', time: '2019-07-01T20:55:26'
System info: host: 'Tonimas-MacBook-Air.local', ip: 'fe80:0:0:0:14d4:fb7e:1c5a:a694%en0', os.name: 'Mac OS X', os.arch: 'x86_64', os.version: '10.14.6', java.version: '1.8.0_131'
Driver info: org.openqa.selenium.chrome.ChromeDriver
Capabilities {acceptInsecureCerts: false, browserName: chrome, browserVersion: 76.0.3809.132, chrome: {chromedriverVersion: 76.0.3809.68 (420c9498db8ce..., userDataDir: /var/folders/kq/djv8wj7n0cz...}, goog:chromeOptions: {debuggerAddress: localhost:52583}, javascriptEnabled: true, networkConnectionEnabled: false, pageLoadStrategy: normal, platform: MAC, platformName: MAC, proxy: Proxy(), setWindowRect: true, strictFileInteractability: false, timeouts: {implicit: 0, pageLoad: 300000, script: 30000}, unhandledPromptBehavior: dismiss and notify}
Session ID: a750d7d1e63a37f45af40ba0ddbbdd23
at sun.reflect.NativeConstructorAccessorImpl.newInstance0(Native Method)
at sun.reflect.NativeConstructorAccessorImpl.newInstance(NativeConstructorAccessorImpl.java:62)
at sun.reflect.DelegatingConstructorAccessorImpl.newInstance(DelegatingConstructorAccessorImpl.java:45)
at java.lang.reflect.Constructor.newInstance(Constructor.java:423)
at org.openqa.selenium.remote.codec.w3c.W3CHttpResponseCodec.createException(W3CHttpResponseCodec.java:191)
at org.openqa.selenium.remote.codec.w3c.W3CHttpResponseCodec.decode(W3CHttpResponseCodec.java:125)
at org.openqa.selenium.remote.codec.w3c.W3CHttpResponseCodec.decode(W3CHttpResponseCodec.java:52)
at org.openqa.selenium.remote.HttpCommandExecutor.execute(HttpCommandExecutor.java:161)
at org.openqa.selenium.remote.service.DriverCommandExecutor.execute(DriverCommandExecutor.java:83)
at org.openqa.selenium.remote.RemoteWebDriver.execute(RemoteWebDriver.java:576)
at org.openqa.selenium.remote.RemoteWebElement.execute(RemoteWebElement.java:308)
at org.openqa.selenium.remote.RemoteWebElement.click(RemoteWebElement.java:83)
at sun.reflect.NativeMethodAccessorImpl.invoke0(Native Method)
at sun.reflect.NativeMethodAccessorImpl.invoke(NativeMethodAccessorImpl.java:62)
at sun.reflect.DelegatingMethodAccessorImpl.invoke(DelegatingMethodAccessorImpl.java:43)
at java.lang.reflect.Method.invoke(Method.java:498)
at org.openqa.selenium.support.pagefactory.internal.LocatingElementHandler.invoke(LocatingElementHandler.java:52)
at com.sun.proxy.$Proxy7.click(Unknown Source)
at com.linkedin.qa.pages.MessagePage.clickOnComposeButton(MessagePage.java:39)
at com.linkedin.qa.testcases.MessagePageTest.clickOnComposeButtonTest(MessagePageTest.java:43)
at sun.reflect.NativeMethodAccessorImpl.invoke0(Native Method)
at sun.reflect.NativeMethodAccessorImpl.invoke(NativeMethodAccessorImpl.java:62)
at sun.reflect.DelegatingMethodAccessorImpl.invoke(DelegatingMethodAccessorImpl.java:43)
at java.lang.reflect.Method.invoke(Method.java:498)
at org.testng.internal.MethodInvocationHelper.invokeMethod(MethodInvocationHelper.java:124)
at org.testng.internal.Invoker.invokeMethod(Invoker.java:583)
at org.testng.internal.Invoker.invokeTestMethod(Invoker.java:719)
at org.testng.internal.Invoker.invokeTestMethods(Invoker.java:989)
at org.testng.internal.TestMethodWorker.invokeTestMethods(TestMethodWorker.java:125)
at org.testng.internal.TestMethodWorker.run(TestMethodWorker.java:109)
at org.testng.TestRunner.privateRun(TestRunner.java:648)
at org.testng.TestRunner.run(TestRunner.java:505)
at org.testng.SuiteRunner.runTest(SuiteRunner.java:455)
at org.testng.SuiteRunner.runSequentially(SuiteRunner.java:450)
at org.testng.SuiteRunner.privateRun(SuiteRunner.java:415)
at org.testng.SuiteRunner.run(SuiteRunner.java:364)
at org.testng.SuiteRunnerWorker.runSuite(SuiteRunnerWorker.java:52)
at org.testng.SuiteRunnerWorker.run(SuiteRunnerWorker.java:84)
at org.testng.TestNG.runSuitesSequentially(TestNG.java:1208)
at org.testng.TestNG.runSuitesLocally(TestNG.java:1137)
at org.testng.TestNG.runSuites(TestNG.java:1049)
at org.testng.TestNG.run(TestNG.java:1017)
at org.apache.maven.surefire.testng.TestNGExecutor.run(TestNGExecutor.java:283)
at org.apache.maven.surefire.testng.TestNGXmlTestSuite.execute(TestNGXmlTestSuite.java:75)
at org.apache.maven.surefire.testng.TestNGProvider.invoke(TestNGProvider.java:120)
at org.apache.maven.surefire.booter.ForkedBooter.invokeProviderInSameClassLoader(ForkedBooter.java:384)
at org.apache.maven.surefire.booter.ForkedBooter.runSuitesInProcess(ForkedBooter.java:345)
at org.apache.maven.surefire.booter.ForkedBooter.execute(ForkedBooter.java:126)
at org.apache.maven.surefire.booter.ForkedBooter.main(ForkedBooter.java:418)
]]>
            </full-stacktrace>
          </exception> <!-- org.openqa.selenium.StaleElementReferenceException -->
          <reporter-output>
          </reporter-output>
        </test-method> <!-- clickOnComposeButtonTest -->
        <test-method status="PASS" signature="tearDown()[pri:0, instance:com.linkedin.qa.testcases.MessagePageTest@61dc03ce]" name="tearDown" is-config="true" duration-ms="181" started-at="2019-09-22T20:04:02Z" finished-at="2019-09-22T20:04:02Z">
          <reporter-output>
          </reporter-output>
        </test-method> <!-- tearDown -->
        <test-method status="PASS" signature="setUp()[pri:0, instance:com.linkedin.qa.testcases.MessagePageTest@61dc03ce]" name="setUp" is-config="true" duration-ms="18410" started-at="2019-09-22T20:04:30Z" finished-at="2019-09-22T20:04:49Z">
          <reporter-output>
          </reporter-output>
        </test-method> <!-- setUp -->
        <test-method status="PASS" signature="selectMessageByNameTest()[pri:3, instance:com.linkedin.qa.testcases.MessagePageTest@61dc03ce]" name="selectMessageByNameTest" duration-ms="1386" started-at="2019-09-22T20:04:49Z" finished-at="2019-09-22T20:04:50Z">
          <reporter-output>
          </reporter-output>
        </test-method> <!-- selectMessageByNameTest -->
        <test-method status="PASS" signature="tearDown()[pri:0, instance:com.linkedin.qa.testcases.MessagePageTest@61dc03ce]" name="tearDown" is-config="true" duration-ms="156" started-at="2019-09-22T20:04:50Z" finished-at="2019-09-22T20:04:50Z">
          <reporter-output>
          </reporter-output>
        </test-method> <!-- tearDown -->
        <test-method status="PASS" signature="setUp()[pri:0, instance:com.linkedin.qa.testcases.MessagePageTest@61dc03ce]" name="setUp" is-config="true" duration-ms="14926" started-at="2019-09-22T20:04:50Z" finished-at="2019-09-22T20:05:05Z">
          <reporter-output>
          </reporter-output>
        </test-method> <!-- setUp -->
        <test-method status="PASS" signature="CheckGroupConversationIconTest()[pri:4, instance:com.linkedin.qa.testcases.MessagePageTest@61dc03ce]" name="CheckGroupConversationIconTest" duration-ms="6055" started-at="2019-09-22T20:05:05Z" finished-at="2019-09-22T20:05:11Z">
          <reporter-output>
          </reporter-output>
        </test-method> <!-- CheckGroupConversationIconTest -->
        <test-method status="PASS" signature="tearDown()[pri:0, instance:com.linkedin.qa.testcases.MessagePageTest@61dc03ce]" name="tearDown" is-config="true" duration-ms="130" started-at="2019-09-22T20:05:11Z" finished-at="2019-09-22T20:05:12Z">
          <reporter-output>
          </reporter-output>
        </test-method> <!-- tearDown -->
        <test-method status="PASS" signature="setUp()[pri:0, instance:com.linkedin.qa.testcases.MessagePageTest@61dc03ce]" name="setUp" is-config="true" duration-ms="14811" started-at="2019-09-22T20:05:12Z" finished-at="2019-09-22T20:05:26Z">
          <reporter-output>
          </reporter-output>
        </test-method> <!-- setUp -->
        <test-method status="FAIL" signature="SearchBoxVerificationTest()[pri:5, instance:com.linkedin.qa.testcases.MessagePageTest@61dc03ce]" name="SearchBoxVerificationTest" duration-ms="10243" started-at="2019-09-22T20:05:26Z" finished-at="2019-09-22T20:05:37Z">
          <exception class="org.openqa.selenium.NoSuchElementException">
            <message>
              <![CDATA[no such element: Unable to locate element: {"method":"xpath","selector":"//div[@class='msg-conversation-card__row pr2']/h3[text()='komati priyanka']"}
  (Session info: chrome=76.0.3809.132)
For documentation on this error, please visit: https://www.seleniumhq.org/exceptions/no_such_element.html
Build info: version: '4.0.0-alpha-2', revision: 'f148142cf8', time: '2019-07-01T20:55:26'
System info: host: 'Tonimas-MacBook-Air.local', ip: 'fe80:0:0:0:14d4:fb7e:1c5a:a694%en0', os.name: 'Mac OS X', os.arch: 'x86_64', os.version: '10.14.6', java.version: '1.8.0_131'
Driver info: org.openqa.selenium.chrome.ChromeDriver
Capabilities {acceptInsecureCerts: false, browserName: chrome, browserVersion: 76.0.3809.132, chrome: {chromedriverVersion: 76.0.3809.68 (420c9498db8ce..., userDataDir: /var/folders/kq/djv8wj7n0cz...}, goog:chromeOptions: {debuggerAddress: localhost:52901}, javascriptEnabled: true, networkConnectionEnabled: false, pageLoadStrategy: normal, platform: MAC, platformName: MAC, proxy: Proxy(), setWindowRect: true, strictFileInteractability: false, timeouts: {implicit: 0, pageLoad: 300000, script: 30000}, unhandledPromptBehavior: dismiss and notify}
Session ID: b5edd27ab1e831920fb227739b15d1e8
*** Element info: {Using=xpath, value=//div[@class='msg-conversation-card__row pr2']/h3[text()='komati priyanka']}]]>
            </message>
            <full-stacktrace>
              <![CDATA[org.openqa.selenium.NoSuchElementException: no such element: Unable to locate element: {"method":"xpath","selector":"//div[@class='msg-conversation-card__row pr2']/h3[text()='komati priyanka']"}
  (Session info: chrome=76.0.3809.132)
For documentation on this error, please visit: https://www.seleniumhq.org/exceptions/no_such_element.html
Build info: version: '4.0.0-alpha-2', revision: 'f148142cf8', time: '2019-07-01T20:55:26'
System info: host: 'Tonimas-MacBook-Air.local', ip: 'fe80:0:0:0:14d4:fb7e:1c5a:a694%en0', os.name: 'Mac OS X', os.arch: 'x86_64', os.version: '10.14.6', java.version: '1.8.0_131'
Driver info: org.openqa.selenium.chrome.ChromeDriver
Capabilities {acceptInsecureCerts: false, browserName: chrome, browserVersion: 76.0.3809.132, chrome: {chromedriverVersion: 76.0.3809.68 (420c9498db8ce..., userDataDir: /var/folders/kq/djv8wj7n0cz...}, goog:chromeOptions: {debuggerAddress: localhost:52901}, javascriptEnabled: true, networkConnectionEnabled: false, pageLoadStrategy: normal, platform: MAC, platformName: MAC, proxy: Proxy(), setWindowRect: true, strictFileInteractability: false, timeouts: {implicit: 0, pageLoad: 300000, script: 30000}, unhandledPromptBehavior: dismiss and notify}
Session ID: b5edd27ab1e831920fb227739b15d1e8
*** Element info: {Using=xpath, value=//div[@class='msg-conversation-card__row pr2']/h3[text()='komati priyanka']}
at sun.reflect.NativeConstructorAccessorImpl.newInstance0(Native Method)
at sun.reflect.NativeConstructorAccessorImpl.newInstance(NativeConstructorAccessorImpl.java:62)
at sun.reflect.DelegatingConstructorAccessorImpl.newInstance(DelegatingConstructorAccessorImpl.java:45)
at java.lang.reflect.Constructor.newInstance(Constructor.java:423)
at org.openqa.selenium.remote.codec.w3c.W3CHttpResponseCodec.createException(W3CHttpResponseCodec.java:191)
at org.openqa.selenium.remote.codec.w3c.W3CHttpResponseCodec.decode(W3CHttpResponseCodec.java:125)
at org.openqa.selenium.remote.codec.w3c.W3CHttpResponseCodec.decode(W3CHttpResponseCodec.java:52)
at org.openqa.selenium.remote.HttpCommandExecutor.execute(HttpCommandExecutor.java:161)
at org.openqa.selenium.remote.service.DriverCommandExecutor.execute(DriverCommandExecutor.java:83)
at org.openqa.selenium.remote.RemoteWebDriver.execute(RemoteWebDriver.java:576)
at org.openqa.selenium.remote.RemoteWebDriver.findElement(RemoteWebDriver.java:327)
at org.openqa.selenium.remote.RemoteWebDriver.findElementByXPath(RemoteWebDriver.java:445)
at org.openqa.selenium.By$ByXPath.findElement(By.java:353)
at org.openqa.selenium.remote.RemoteWebDriver.findElement(RemoteWebDriver.java:319)
at com.linkedin.qa.pages.MessagePage.verifySearchBox(MessagePage.java:54)
at com.linkedin.qa.testcases.MessagePageTest.SearchBoxVerificationTest(MessagePageTest.java:59)
at sun.reflect.NativeMethodAccessorImpl.invoke0(Native Method)
at sun.reflect.NativeMethodAccessorImpl.invoke(NativeMethodAccessorImpl.java:62)
at sun.reflect.DelegatingMethodAccessorImpl.invoke(DelegatingMethodAccessorImpl.java:43)
at java.lang.reflect.Method.invoke(Method.java:498)
at org.testng.internal.MethodInvocationHelper.invokeMethod(MethodInvocationHelper.java:124)
at org.testng.internal.Invoker.invokeMethod(Invoker.java:583)
at org.testng.internal.Invoker.invokeTestMethod(Invoker.java:719)
at org.testng.internal.Invoker.invokeTestMethods(Invoker.java:989)
at org.testng.internal.TestMethodWorker.invokeTestMethods(TestMethodWorker.java:125)
at org.testng.internal.TestMethodWorker.run(TestMethodWorker.java:109)
at org.testng.TestRunner.privateRun(TestRunner.java:648)
at org.testng.TestRunner.run(TestRunner.java:505)
at org.testng.SuiteRunner.runTest(SuiteRunner.java:455)
at org.testng.SuiteRunner.runSequentially(SuiteRunner.java:450)
at org.testng.SuiteRunner.privateRun(SuiteRunner.java:415)
at org.testng.SuiteRunner.run(SuiteRunner.java:364)
at org.testng.SuiteRunnerWorker.runSuite(SuiteRunnerWorker.java:52)
at org.testng.SuiteRunnerWorker.run(SuiteRunnerWorker.java:84)
at org.testng.TestNG.runSuitesSequentially(TestNG.java:1208)
at org.testng.TestNG.runSuitesLocally(TestNG.java:1137)
at org.testng.TestNG.runSuites(TestNG.java:1049)
at org.testng.TestNG.run(TestNG.java:1017)
at org.apache.maven.surefire.testng.TestNGExecutor.run(TestNGExecutor.java:283)
at org.apache.maven.surefire.testng.TestNGXmlTestSuite.execute(TestNGXmlTestSuite.java:75)
at org.apache.maven.surefire.testng.TestNGProvider.invoke(TestNGProvider.java:120)
at org.apache.maven.surefire.booter.ForkedBooter.invokeProviderInSameClassLoader(ForkedBooter.java:384)
at org.apache.maven.surefire.booter.ForkedBooter.runSuitesInProcess(ForkedBooter.java:345)
at org.apache.maven.surefire.booter.ForkedBooter.execute(ForkedBooter.java:126)
at org.apache.maven.surefire.booter.ForkedBooter.main(ForkedBooter.java:418)
]]>
            </full-stacktrace>
          </exception> <!-- org.openqa.selenium.NoSuchElementException -->
          <reporter-output>
          </reporter-output>
        </test-method> <!-- SearchBoxVerificationTest -->
        <test-method status="PASS" signature="tearDown()[pri:0, instance:com.linkedin.qa.testcases.MessagePageTest@61dc03ce]" name="tearDown" is-config="true" duration-ms="126" started-at="2019-09-22T20:05:37Z" finished-at="2019-09-22T20:05:37Z">
          <reporter-output>
          </reporter-output>
        </test-method> <!-- tearDown -->
      </class> <!-- com.linkedin.qa.testcases.MessagePageTest -->
    </test> <!-- Different LinkedIn feature test -->
  </suite> <!-- LinkedIn Test automation suite -->
</testng-results>
